<?xml version="1.0" encoding="UTF-8"?>
<!-- Generated by org.testng.reporters.JUnitReportReporter -->
<testsuite hostname="IN-PG03525F" failures="0" tests="1" name="tests.BecomeASellerTest" time="11.906" errors="0" timestamp="2024-06-13T21:04:15 IST" skipped="0">
  <testcase classname="tests.BecomeASellerTest" name="seller" time="11.906"/>
</testsuite> <!-- tests.BecomeASellerTest -->
