<?xml version="1.0" encoding="UTF-8"?>
<!-- Generated by org.testng.reporters.JUnitReportReporter -->
<testsuite hostname="IN-PG03525F" failures="0" tests="1" name="tests.GroceryTest" time="7.831" errors="0" timestamp="2024-06-16T15:49:21 IST" skipped="0">
  <testcase classname="tests.GroceryTest" name="grocery" time="7.831"/>
</testsuite> <!-- tests.GroceryTest -->
