<?xml version="1.0" encoding="UTF-8"?>
<!-- Generated by org.testng.reporters.JUnitReportReporter -->
<testsuite hostname="IN-PG03525F" failures="0" tests="1" name="tests.PincodeTest" time="21.937" errors="0" timestamp="2024-06-11T13:53:45 IST" skipped="0">
  <testcase classname="tests.PincodeTest" name="pincode" time="21.937"/>
</testsuite> <!-- tests.PincodeTest -->
