<?xml version="1.0" encoding="UTF-8"?>
<!-- Generated by org.testng.reporters.JUnitReportReporter -->
<testsuite hostname="IN-PG03525F" failures="0" tests="1" name="tests.CustomerServiceTest" time="8.397" errors="0" timestamp="2024-06-16T15:48:57 IST" skipped="0">
  <testcase classname="tests.CustomerServiceTest" name="contact" time="8.397"/>
</testsuite> <!-- tests.CustomerServiceTest -->
