<?xml version="1.0" encoding="UTF-8"?>
<!-- Generated by org.testng.reporters.JUnitReportReporter -->
<testsuite hostname="IN-PG03525F" failures="0" tests="1" name="tests.RemoveCartTest" time="39.166" errors="0" timestamp="2024-06-10T01:08:45 IST" skipped="0">
  <testcase classname="tests.RemoveCartTest" name="AddToCart" time="39.166"/>
</testsuite> <!-- tests.RemoveCartTest -->
