<?xml version="1.0" encoding="UTF-8"?>
<!-- Generated by org.testng.reporters.JUnitReportReporter -->
<testsuite hostname="IN-PG03525F" failures="0" tests="1" name="tests.CartTest" time="42.432" errors="0" timestamp="2024-06-11T22:58:44 IST" skipped="0">
  <testcase classname="tests.CartTest" name="AddToCart" time="42.432"/>
</testsuite> <!-- tests.CartTest -->
