<?xml version="1.0" encoding="UTF-8"?>
<!-- Generated by org.testng.reporters.JUnitReportReporter -->
<testsuite hostname="IN-PG03525F" failures="0" tests="1" name="tests.CareerTest" time="13.609" errors="0" timestamp="2024-06-13T20:48:51 IST" skipped="0">
  <testcase classname="tests.CareerTest" name="career" time="13.609"/>
</testsuite> <!-- tests.CareerTest -->
