<?xml version="1.0" encoding="UTF-8"?>
<!-- Generated by org.testng.reporters.JUnitReportReporter -->
<testsuite hostname="IN-PG03525F" failures="0" tests="1" name="tests.LandingPageTest" time="5.225" errors="0" timestamp="2024-06-13T22:53:11 IST" skipped="0">
  <testcase classname="tests.LandingPageTest" name="career" time="5.225"/>
</testsuite> <!-- tests.LandingPageTest -->
