<?xml version="1.0" encoding="UTF-8"?>
<!-- Generated by org.testng.reporters.JUnitReportReporter -->
<testsuite hostname="IN-PG03525F" failures="0" tests="1" name="tests.NotificationTest" time="16.997" errors="0" timestamp="2024-06-13T12:29:57 IST" skipped="0">
  <testcase classname="tests.NotificationTest" name="notification" time="16.997"/>
</testsuite> <!-- tests.NotificationTest -->
