<?xml version="1.0" encoding="UTF-8"?>
<!-- Generated by org.testng.reporters.JUnitReportReporter -->
<testsuite hostname="IN-PG03525F" failures="0" tests="1" name="tests.CustomerServiceTest" time="5.655" errors="0" timestamp="2024-06-13T21:41:22 IST" skipped="0">
  <testcase classname="tests.CustomerServiceTest" name="About" time="5.655"/>
</testsuite> <!-- tests.CustomerServiceTest -->
