<?xml version="1.0" encoding="UTF-8"?>
<!-- Generated by org.testng.reporters.JUnitReportReporter -->
<testsuite hostname="IN-PG03525F" failures="0" tests="1" name="tests.LandingPageTest" time="8.366" errors="0" timestamp="2024-06-16T15:49:50 IST" skipped="0">
  <testcase classname="tests.LandingPageTest" name="LandingPage" time="8.366"/>
</testsuite> <!-- tests.LandingPageTest -->
