<?xml version="1.0" encoding="UTF-8"?>
<!-- Generated by org.testng.reporters.JUnitReportReporter -->
<testsuite hostname="IN-PG03525F" failures="0" tests="1" name="tests.TermsOfUse" time="8.422" errors="0" timestamp="2024-06-13T21:38:33 IST" skipped="0">
  <testcase classname="tests.TermsOfUse" name="About" time="8.422"/>
</testsuite> <!-- tests.TermsOfUse -->
