<?xml version="1.0" encoding="UTF-8"?>
<!-- Generated by org.testng.reporters.JUnitReportReporter -->
<testsuite hostname="IN-PG03525F" failures="0" tests="1" name="tests.SaveForLaterTest" time="50.594" errors="0" timestamp="2024-06-16T16:54:35 IST" skipped="0">
  <testcase classname="tests.SaveForLaterTest" name="SaveCart" time="50.594"/>
</testsuite> <!-- tests.SaveForLaterTest -->
