<?xml version="1.0" encoding="UTF-8"?>
<!-- Generated by org.testng.reporters.JUnitReportReporter -->
<testsuite hostname="IN-PG03525F" failures="0" tests="1" name="tests.NaviagteToCartTest" time="9.932" errors="0" timestamp="2024-06-16T15:50:15 IST" skipped="0">
  <testcase classname="tests.NaviagteToCartTest" name="NaviagteToCart" time="9.932"/>
</testsuite> <!-- tests.NaviagteToCartTest -->
