<?xml version="1.0" encoding="UTF-8"?>
<!-- Generated by org.testng.reporters.JUnitReportReporter -->
<testsuite hostname="IN-PG03525F" failures="0" tests="1" name="tests.AboutTest" time="13.799" errors="0" timestamp="2024-06-13T17:45:56 IST" skipped="0">
  <testcase classname="tests.AboutTest" name="About" time="13.799"/>
</testsuite> <!-- tests.AboutTest -->
