<?xml version="1.0" encoding="UTF-8"?>
<!-- Generated by org.testng.reporters.JUnitReportReporter -->
<testsuite hostname="IN-PG03525F" failures="0" tests="1" name="tests.PincodeTest" time="21.646" errors="0" timestamp="2024-06-16T16:51:44 IST" skipped="0">
  <testcase classname="tests.PincodeTest" name="pincode" time="21.646"/>
</testsuite> <!-- tests.PincodeTest -->
