<?xml version="1.0" encoding="UTF-8"?>
<!-- Generated by org.testng.reporters.JUnitReportReporter -->
<testsuite hostname="IN-PG03525F" failures="0" tests="1" name="tests.AboutTest" time="16.968" errors="0" timestamp="2024-06-16T11:50:20 IST" skipped="0">
  <testcase classname="tests.AboutTest" name="About" time="16.968"/>
</testsuite> <!-- tests.AboutTest -->
