<?xml version="1.0" encoding="UTF-8"?>
<!-- Generated by org.testng.reporters.JUnitReportReporter -->
<testsuite hostname="IN-PG03525F" failures="0" tests="1" name="tests.CareerTest" time="30.228" errors="0" timestamp="2024-06-16T23:38:54 IST" skipped="0">
  <testcase classname="tests.CareerTest" name="career" time="30.228"/>
</testsuite> <!-- tests.CareerTest -->
