<?xml version="1.0" encoding="UTF-8"?>
<!-- Generated by org.testng.reporters.JUnitReportReporter -->
<testsuite hostname="IN-PG03525F" failures="0" tests="1" name="tests.SearchTest" time="34.133" errors="0" timestamp="2024-06-16T11:19:47 IST" skipped="0">
  <testcase classname="tests.SearchTest" name="Search" time="34.133"/>
</testsuite> <!-- tests.SearchTest -->
