<?xml version="1.0" encoding="UTF-8"?>
<!-- Generated by org.testng.reporters.JUnitReportReporter -->
<testsuite hostname="IN-PG03525F" failures="0" tests="1" name="tests.ProdDetailsTest" time="15.002" errors="0" timestamp="2024-06-09T23:09:13 IST" skipped="0">
  <testcase classname="tests.ProdDetailsTest" name="ProductDetails" time="15.002"/>
</testsuite> <!-- tests.ProdDetailsTest -->
