<?xml version="1.0" encoding="UTF-8"?>
<!-- Generated by org.testng.reporters.JUnitReportReporter -->
<testsuite hostname="IN-PG03525F" failures="0" tests="1" name="tests.BecomeASellerTest" time="12.116" errors="0" timestamp="2024-06-16T23:08:32 IST" skipped="0">
  <testcase classname="tests.BecomeASellerTest" name="seller" time="12.116"/>
</testsuite> <!-- tests.BecomeASellerTest -->
