<?xml version="1.0" encoding="UTF-8"?>
<!-- Generated by org.testng.reporters.JUnitReportReporter -->
<testsuite hostname="IN-PG03525F" failures="0" tests="1" name="tests.SaveForLaterTest" time="21.884" errors="0" timestamp="2024-06-11T21:13:11 IST" skipped="0">
  <testcase classname="tests.SaveForLaterTest" name="SaveCart" time="21.884"/>
</testsuite> <!-- tests.SaveForLaterTest -->
