<?xml version="1.0" encoding="UTF-8"?>
<!-- Generated by org.testng.reporters.JUnitReportReporter -->
<testsuite hostname="IN-PG03525F" failures="0" tests="1" name="tests.FlipkartStoriesTest" time="13.164" errors="0" timestamp="2024-06-13T21:24:27 IST" skipped="0">
  <testcase classname="tests.FlipkartStoriesTest" name="stories" time="13.164"/>
</testsuite> <!-- tests.FlipkartStoriesTest -->
