<?xml version="1.0" encoding="UTF-8"?>
<!-- Generated by org.testng.reporters.JUnitReportReporter -->
<testsuite hostname="IN-PG03525F" failures="0" tests="1" name="tests.RemoveCartTest" time="28.712" errors="0" timestamp="2024-06-16T16:53:18 IST" skipped="0">
  <testcase classname="tests.RemoveCartTest" name="RemoveCart" time="28.712"/>
</testsuite> <!-- tests.RemoveCartTest -->
