<?xml version="1.0" encoding="UTF-8"?>
<!-- Generated by org.testng.reporters.JUnitReportReporter -->
<testsuite hostname="IN-PG03525F" failures="0" tests="1" name="tests.NegativeTest" time="29.888" errors="0" timestamp="2024-06-10T17:38:58 IST" skipped="0">
  <testcase classname="tests.NegativeTest" name="Cart" time="29.888"/>
</testsuite> <!-- tests.NegativeTest -->
