<?xml version="1.0" encoding="UTF-8"?>
<!-- Generated by org.testng.reporters.JUnitReportReporter -->
<testsuite hostname="IN-PG03525F" failures="0" tests="1" name="tests.ProdDetailsTest" time="15.687" errors="0" timestamp="2024-06-16T16:52:35 IST" skipped="0">
  <testcase classname="tests.ProdDetailsTest" name="ProductDetails" time="15.687"/>
</testsuite> <!-- tests.ProdDetailsTest -->
