<?xml version="1.0" encoding="UTF-8"?>
<!-- Generated by org.testng.reporters.JUnitReportReporter -->
<testsuite hostname="IN-PG03525F" failures="0" tests="1" name="tests.NaviagteToCartTest" time="5.973" errors="0" timestamp="2024-06-13T23:01:57 IST" skipped="0">
  <testcase classname="tests.NaviagteToCartTest" name="NaviagteToCart" time="5.973"/>
</testsuite> <!-- tests.NaviagteToCartTest -->
