<?xml version="1.0" encoding="UTF-8"?>
<!-- Generated by org.testng.reporters.JUnitReportReporter -->
<testsuite hostname="IN-PG03525F" failures="0" tests="1" name="tests.NotificationTest" time="254.739" errors="0" timestamp="2024-06-16T16:03:59 IST" skipped="0">
  <testcase classname="tests.NotificationTest" name="notification" time="254.739"/>
</testsuite> <!-- tests.NotificationTest -->
