<?xml version="1.0" encoding="UTF-8"?>
<!-- Generated by org.testng.reporters.JUnitReportReporter -->
<testsuite hostname="IN-PG03525F" failures="0" tests="1" name="tests.GroceryTest" time="6.987" errors="0" timestamp="2024-06-13T20:54:03 IST" skipped="0">
  <testcase classname="tests.GroceryTest" name="notification" time="6.987"/>
</testsuite> <!-- tests.GroceryTest -->
