<?xml version="1.0" encoding="UTF-8"?>
<!-- Generated by org.testng.reporters.JUnitReportReporter -->
<testsuite hostname="IN-PG03525F" failures="0" tests="1" name="tests.SearchTest" time="28.555" errors="0" timestamp="2024-06-12T21:31:55 IST" skipped="0">
  <testcase classname="tests.SearchTest" name="Search" time="28.555"/>
</testsuite> <!-- tests.SearchTest -->
