<?xml version="1.0" encoding="UTF-8"?>
<!-- Generated by org.testng.reporters.JUnitReportReporter -->
<testsuite hostname="IN-PG03525F" failures="0" tests="1" name="tests.CartTest" time="26.027" errors="0" timestamp="2024-06-15T14:13:56 IST" skipped="0">
  <testcase classname="tests.CartTest" name="AddToCart" time="26.027"/>
</testsuite> <!-- tests.CartTest -->
