<?xml version="1.0" encoding="UTF-8"?>
<!-- Generated by org.testng.reporters.JUnitReportReporter -->
<testsuite hostname="IN-PG03525F" failures="0" tests="1" name="tests.SignUpTest" time="14.668" errors="0" timestamp="2024-06-12T23:00:07 IST" skipped="0">
  <testcase classname="tests.SignUpTest" name="signup" time="14.668"/>
</testsuite> <!-- tests.SignUpTest -->
