<?xml version="1.0" encoding="UTF-8"?>
<!-- Generated by org.testng.reporters.JUnitReportReporter -->
<testsuite hostname="IN-PG03525F" failures="0" tests="1" name="tests.SearchTest" time="286.469" errors="0" timestamp="2024-06-16T17:40:50 IST" skipped="0">
  <testcase classname="tests.SearchTest" name="Search" time="286.469"/>
</testsuite> <!-- tests.SearchTest -->
