<?xml version="1.0" encoding="UTF-8"?>
<!-- Generated by org.testng.reporters.JUnitReportReporter -->
<testsuite hostname="IN-PG03525F" failures="0" tests="1" name="tests.TravelTest" time="50.085" errors="0" timestamp="2024-06-16T17:40:47 IST" skipped="0">
  <testcase classname="tests.TravelTest" name="travel" time="50.085"/>
</testsuite> <!-- tests.TravelTest -->
