<?xml version="1.0" encoding="UTF-8"?>
<!-- Generated by org.testng.reporters.JUnitReportReporter -->
<testsuite hostname="IN-PG03525F" failures="0" tests="1" name="tests.LandingPageTest" time="9.452" errors="0" timestamp="2024-06-14T02:29:43 IST" skipped="0">
  <testcase classname="tests.LandingPageTest" name="LandingPage" time="9.452"/>
</testsuite> <!-- tests.LandingPageTest -->
