<?xml version="1.0" encoding="UTF-8"?>
<!-- Generated by org.testng.reporters.JUnitReportReporter -->
<testsuite hostname="IN-PG03525F" failures="0" tests="1" name="tests.RemoveCartTest" time="110.994" errors="0" timestamp="2024-06-16T17:40:46 IST" skipped="0">
  <testcase classname="tests.RemoveCartTest" name="RemoveCart" time="110.994"/>
</testsuite> <!-- tests.RemoveCartTest -->
