<?xml version="1.0" encoding="UTF-8"?>
<!-- Generated by org.testng.reporters.JUnitReportReporter -->
<testsuite hostname="IN-PG03525F" failures="0" tests="1" name="tests.ProdDetailsTest" time="154.359" errors="0" timestamp="2024-06-14T02:29:40 IST" skipped="0">
  <testcase classname="tests.ProdDetailsTest" name="ProductDetails" time="154.359"/>
</testsuite> <!-- tests.ProdDetailsTest -->
