<?xml version="1.0" encoding="UTF-8"?>
<!-- Generated by org.testng.reporters.JUnitReportReporter -->
<testsuite hostname="IN-PG03525F" failures="0" tests="1" name="tests.SignUpTest" time="57.878" errors="0" timestamp="2024-06-16T17:40:49 IST" skipped="0">
  <testcase classname="tests.SignUpTest" name="signup" time="57.878"/>
</testsuite> <!-- tests.SignUpTest -->
