<?xml version="1.0" encoding="UTF-8"?>
<!-- Generated by org.testng.reporters.JUnitReportReporter -->
<testsuite hostname="IN-PG03525F" failures="0" tests="1" name="tests.NaviagteToCartTest" time="26.758" errors="0" timestamp="2024-06-14T02:29:43 IST" skipped="0">
  <testcase classname="tests.NaviagteToCartTest" name="NaviagteToCart" time="26.758"/>
</testsuite> <!-- tests.NaviagteToCartTest -->
