<?xml version="1.0" encoding="UTF-8"?>
<!-- Generated by org.testng.reporters.JUnitReportReporter -->
<testsuite hostname="IN-PG03525F" failures="0" tests="1" name="tests.FlipkartStoriesTest" time="30.442" errors="0" timestamp="2024-06-16T17:40:50 IST" skipped="0">
  <testcase classname="tests.FlipkartStoriesTest" name="stories" time="30.442"/>
</testsuite> <!-- tests.FlipkartStoriesTest -->
